<?xml version="1.0" encoding="UTF-8"?>
<!-- Generated by org.testng.reporters.JUnitXMLReporter -->
<testsuite hostname="lnhua" name="Login Fail" tests="2" failures="1" timestamp="3 Sep 2019 09:33:25 GMT" time="20.513" errors="0">
  <testcase name="gotoWeb" time="8.885" classname="tests.TC_LoginFail"/>
  <testcase name="loginFail" time="7.397" classname="tests.TC_LoginFail">
    <failure type="junit.framework.AssertionFailedError" message="Cannot login with wrong account">
      <![CDATA[junit.framework.AssertionFailedError: Cannot login with wrong account
	at junit.framework.Assert.fail(Assert.java:47)
	at tests.TC_LoginFail.loginFail(TC_LoginFail.java:36)
... Removed 24 stack frames]]>
    </failure>
  </testcase> <!-- loginFail -->
</testsuite> <!-- Login Fail -->
